spark-text_io.ads:134:31: info: implicit function contract not available for proof ("Mode" may not return)
spark-text_io.ads:139:12: info: implicit function contract not available for proof ("Mode" may not return)
spark-text_io.ads:139:43: info: implicit function contract not available for proof ("Mode" may not return)
spark-text_io.ads:151:20: info: implicit function contract not available for proof ("Status" may not return)
spark-text_io.ads:152:23: info: implicit function contract not available for proof ("Mode" may not return)
spark-text_io.ads:153:23: info: implicit function contract not available for proof ("Name" may not return)
spark-text_io.ads:154:23: info: implicit function contract not available for proof ("Form" may not return)
spark-text_io.ads:156:23: info: implicit function contract not available for proof ("Line_Length" may not return)
spark-text_io.ads:157:23: info: implicit function contract not available for proof ("Page_Length" may not return)
spark-text_io.ads:171:20: info: implicit function contract not available for proof ("Status" may not return)
spark-text_io.ads:172:23: info: implicit function contract not available for proof ("Mode" may not return)
spark-text_io.ads:173:23: info: implicit function contract not available for proof ("Name" may not return)
spark-text_io.ads:174:23: info: implicit function contract not available for proof ("Form" may not return)
spark-text_io.ads:176:23: info: implicit function contract not available for proof ("Line_Length" may not return)
spark-text_io.ads:177:23: info: implicit function contract not available for proof ("Page_Length" may not return)
spark-text_io.ads:186:20: info: implicit function contract not available for proof ("Status" may not return)
spark-text_io.ads:192:20: info: implicit function contract not available for proof ("Status" may not return)
spark-text_io.ads:198:20: info: implicit function contract not available for proof ("Status" may not return)
spark-text_io.ads:199:19: info: implicit function contract not available for proof ("Mode" may not return)
spark-text_io.ads:201:17: info: implicit function contract not available for proof ("Name" may not return)
spark-text_io.ads:201:31: info: implicit function contract not available for proof ("Name" may not return)
spark-text_io.ads:202:17: info: implicit function contract not available for proof ("Form" may not return)
spark-text_io.ads:202:31: info: implicit function contract not available for proof ("Form" may not return)
spark-text_io.ads:210:16: info: implicit function contract not available for proof ("Mode" may not return)
spark-text_io.ads:210:30: info: implicit function contract not available for proof ("Mode" may not return)
spark-text_io.ads:211:16: info: implicit function contract not available for proof ("Name" may not return)
spark-text_io.ads:211:30: info: implicit function contract not available for proof ("Name" may not return)
spark-text_io.ads:212:16: info: implicit function contract not available for proof ("Form" may not return)
spark-text_io.ads:212:30: info: implicit function contract not available for proof ("Form" may not return)
spark-text_io.ads:229:19: info: implicit function contract not available for proof ("Mode" may not return)
spark-text_io.ads:229:33: info: implicit function contract not available for proof ("Mode" may not return)
spark-text_io.ads:230:19: info: implicit function contract not available for proof ("Name" may not return)
spark-text_io.ads:230:33: info: implicit function contract not available for proof ("Name" may not return)
spark-text_io.ads:231:19: info: implicit function contract not available for proof ("Form" may not return)
spark-text_io.ads:231:33: info: implicit function contract not available for proof ("Form" may not return)
spark-text_io.ads:232:19: info: implicit function contract not available for proof ("Line_Length" may not return)
spark-text_io.ads:232:40: info: implicit function contract not available for proof ("Line_Length" may not return)
spark-text_io.ads:233:19: info: implicit function contract not available for proof ("Page_Length" may not return)
spark-text_io.ads:233:40: info: implicit function contract not available for proof ("Page_Length" may not return)
spark-text_io.ads:239:21: info: implicit function contract not available for proof ("Mode" may not return)
spark-text_io.ads:240:21: info: implicit function contract not available for proof ("Name" may not return)
spark-text_io.ads:241:24: info: implicit function contract not available for proof ("Name" may not return)
spark-text_io.ads:242:21: info: implicit function contract not available for proof ("Form" may not return)
spark-text_io.ads:243:24: info: implicit function contract not available for proof ("Form" may not return)
spark-text_io.ads:244:21: info: implicit function contract not available for proof ("Line_Length" may not return)
spark-text_io.ads:245:24: info: implicit function contract not available for proof ("Line_Length" may not return)
spark-text_io.ads:246:21: info: implicit function contract not available for proof ("Page_Length" may not return)
spark-text_io.ads:247:24: info: implicit function contract not available for proof ("Page_Length" may not return)
spark-text_io.ads:255:23: info: implicit function contract not available for proof ("Status" may not return)
spark-text_io.ads:255:52: info: implicit function contract not available for proof ("Line_Length" may not return)
spark-text_io.ads:257:20: info: implicit function contract not available for proof ("Mode" may not return)
spark-text_io.ads:257:34: info: implicit function contract not available for proof ("Mode" may not return)
spark-text_io.ads:258:20: info: implicit function contract not available for proof ("Name" may not return)
spark-text_io.ads:258:34: info: implicit function contract not available for proof ("Name" may not return)
spark-text_io.ads:259:20: info: implicit function contract not available for proof ("Form" may not return)
spark-text_io.ads:259:34: info: implicit function contract not available for proof ("Form" may not return)
spark-text_io.ads:260:20: info: implicit function contract not available for proof ("Page_Length" may not return)
spark-text_io.ads:260:41: info: implicit function contract not available for proof ("Page_Length" may not return)
spark-text_io.ads:265:25: info: implicit function contract not available for proof ("Status" may not return)
spark-text_io.ads:266:25: info: implicit function contract not available for proof ("Line_Length" may not return)
spark-text_io.ads:268:21: info: implicit function contract not available for proof ("Mode" may not return)
spark-text_io.ads:269:21: info: implicit function contract not available for proof ("Name" may not return)
spark-text_io.ads:269:46: info: implicit function contract not available for proof ("Name" may not return)
spark-text_io.ads:270:21: info: implicit function contract not available for proof ("Form" may not return)
spark-text_io.ads:270:46: info: implicit function contract not available for proof ("Form" may not return)
spark-text_io.ads:271:21: info: implicit function contract not available for proof ("Page_Length" may not return)
spark-text_io.ads:272:21: info: implicit function contract not available for proof ("Page_Length" may not return)
spark-text_io.ads:279:23: info: implicit function contract not available for proof ("Status" may not return)
spark-text_io.ads:279:52: info: implicit function contract not available for proof ("Page_Length" may not return)
spark-text_io.ads:280:38: info: implicit function contract not available for proof ("Mode" may not return)
spark-text_io.ads:280:52: info: implicit function contract not available for proof ("Mode" may not return)
spark-text_io.ads:281:19: info: implicit function contract not available for proof ("Name" may not return)
spark-text_io.ads:281:33: info: implicit function contract not available for proof ("Name" may not return)
spark-text_io.ads:282:19: info: implicit function contract not available for proof ("Form" may not return)
spark-text_io.ads:282:33: info: implicit function contract not available for proof ("Form" may not return)
spark-text_io.ads:283:19: info: implicit function contract not available for proof ("Line_Length" may not return)
spark-text_io.ads:283:40: info: implicit function contract not available for proof ("Line_Length" may not return)
spark-text_io.ads:288:25: info: implicit function contract not available for proof ("Status" may not return)
spark-text_io.ads:289:24: info: implicit function contract not available for proof ("Page_Length" may not return)
spark-text_io.ads:291:21: info: implicit function contract not available for proof ("Mode" may not return)
spark-text_io.ads:292:21: info: implicit function contract not available for proof ("Name" may not return)
spark-text_io.ads:292:46: info: implicit function contract not available for proof ("Name" may not return)
spark-text_io.ads:293:21: info: implicit function contract not available for proof ("Form" may not return)
spark-text_io.ads:293:46: info: implicit function contract not available for proof ("Form" may not return)
spark-text_io.ads:294:21: info: implicit function contract not available for proof ("Line_Length" may not return)
spark-text_io.ads:295:24: info: implicit function contract not available for proof ("Line_Length" may not return)
spark-text_io.ads:318:38: info: implicit function contract not available for proof ("Mode" may not return)
spark-text_io.ads:318:52: info: implicit function contract not available for proof ("Mode" may not return)
spark-text_io.ads:319:19: info: implicit function contract not available for proof ("Name" may not return)
spark-text_io.ads:319:33: info: implicit function contract not available for proof ("Name" may not return)
spark-text_io.ads:320:19: info: implicit function contract not available for proof ("Form" may not return)
spark-text_io.ads:320:33: info: implicit function contract not available for proof ("Form" may not return)
spark-text_io.ads:321:19: info: implicit function contract not available for proof ("Line_Length" may not return)
spark-text_io.ads:321:40: info: implicit function contract not available for proof ("Line_Length" may not return)
spark-text_io.ads:322:19: info: implicit function contract not available for proof ("Page_Length" may not return)
spark-text_io.ads:322:40: info: implicit function contract not available for proof ("Page_Length" may not return)
spark-text_io.ads:328:21: info: implicit function contract not available for proof ("Mode" may not return)
spark-text_io.ads:329:21: info: implicit function contract not available for proof ("Name" may not return)
spark-text_io.ads:330:24: info: implicit function contract not available for proof ("Name" may not return)
spark-text_io.ads:331:21: info: implicit function contract not available for proof ("Form" may not return)
spark-text_io.ads:332:24: info: implicit function contract not available for proof ("Form" may not return)
spark-text_io.ads:333:21: info: implicit function contract not available for proof ("Line_Length" may not return)
spark-text_io.ads:334:24: info: implicit function contract not available for proof ("Line_Length" may not return)
spark-text_io.ads:335:21: info: implicit function contract not available for proof ("Page_Length" may not return)
spark-text_io.ads:336:24: info: implicit function contract not available for proof ("Page_Length" may not return)
spark-text_io.ads:344:19: info: implicit function contract not available for proof ("Name" may not return)
spark-text_io.ads:344:33: info: implicit function contract not available for proof ("Name" may not return)
spark-text_io.ads:345:19: info: implicit function contract not available for proof ("Form" may not return)
spark-text_io.ads:345:33: info: implicit function contract not available for proof ("Form" may not return)
spark-text_io.ads:351:25: info: function contract not available for proof ("End_Of_File" may not return)
spark-text_io.ads:353:21: info: implicit function contract not available for proof ("Name" may not return)
spark-text_io.ads:353:45: info: implicit function contract not available for proof ("Name" may not return)
spark-text_io.ads:354:21: info: implicit function contract not available for proof ("Form" may not return)
spark-text_io.ads:354:45: info: implicit function contract not available for proof ("Form" may not return)
spark-text_io.ads:367:38: info: implicit function contract not available for proof ("Mode" may not return)
spark-text_io.ads:367:52: info: implicit function contract not available for proof ("Mode" may not return)
spark-text_io.ads:368:19: info: implicit function contract not available for proof ("Name" may not return)
spark-text_io.ads:368:33: info: implicit function contract not available for proof ("Name" may not return)
spark-text_io.ads:369:19: info: implicit function contract not available for proof ("Form" may not return)
spark-text_io.ads:369:33: info: implicit function contract not available for proof ("Form" may not return)
spark-text_io.ads:370:19: info: implicit function contract not available for proof ("Line_Length" may not return)
spark-text_io.ads:370:40: info: implicit function contract not available for proof ("Line_Length" may not return)
spark-text_io.ads:371:19: info: implicit function contract not available for proof ("Page_Length" may not return)
spark-text_io.ads:371:40: info: implicit function contract not available for proof ("Page_Length" may not return)
spark-text_io.ads:377:21: info: implicit function contract not available for proof ("Mode" may not return)
spark-text_io.ads:378:21: info: implicit function contract not available for proof ("Name" may not return)
spark-text_io.ads:379:24: info: implicit function contract not available for proof ("Name" may not return)
spark-text_io.ads:380:21: info: implicit function contract not available for proof ("Form" may not return)
spark-text_io.ads:381:24: info: implicit function contract not available for proof ("Form" may not return)
spark-text_io.ads:382:21: info: implicit function contract not available for proof ("Line_Length" may not return)
spark-text_io.ads:383:24: info: implicit function contract not available for proof ("Line_Length" may not return)
spark-text_io.ads:384:21: info: implicit function contract not available for proof ("Page_Length" may not return)
spark-text_io.ads:385:24: info: implicit function contract not available for proof ("Page_Length" may not return)
spark-text_io.ads:392:19: info: implicit function contract not available for proof ("Name" may not return)
spark-text_io.ads:392:33: info: implicit function contract not available for proof ("Name" may not return)
spark-text_io.ads:393:19: info: implicit function contract not available for proof ("Form" may not return)
spark-text_io.ads:393:33: info: implicit function contract not available for proof ("Form" may not return)
spark-text_io.ads:399:25: info: function contract not available for proof ("End_Of_File" may not return)
spark-text_io.ads:401:21: info: implicit function contract not available for proof ("Name" may not return)
spark-text_io.ads:401:45: info: implicit function contract not available for proof ("Name" may not return)
spark-text_io.ads:402:21: info: implicit function contract not available for proof ("Form" may not return)
spark-text_io.ads:402:45: info: implicit function contract not available for proof ("Form" may not return)
spark-text_io.ads:422:51: info: implicit function contract not available for proof ("Line_Length" may not return)
spark-text_io.ads:423:30: info: implicit function contract not available for proof ("Line_Length" may not return)
spark-text_io.ads:425:23: info: implicit function contract not available for proof ("Status" may not return)
spark-text_io.ads:427:39: info: implicit function contract not available for proof ("Mode" may not return)
spark-text_io.ads:427:53: info: implicit function contract not available for proof ("Mode" may not return)
spark-text_io.ads:429:20: info: implicit function contract not available for proof ("Name" may not return)
spark-text_io.ads:429:34: info: implicit function contract not available for proof ("Name" may not return)
spark-text_io.ads:430:20: info: implicit function contract not available for proof ("Form" may not return)
spark-text_io.ads:430:34: info: implicit function contract not available for proof ("Form" may not return)
spark-text_io.ads:431:20: info: implicit function contract not available for proof ("Line_Length" may not return)
spark-text_io.ads:431:41: info: implicit function contract not available for proof ("Line_Length" may not return)
spark-text_io.ads:432:20: info: implicit function contract not available for proof ("Page_Length" may not return)
spark-text_io.ads:432:41: info: implicit function contract not available for proof ("Page_Length" may not return)
spark-text_io.ads:438:25: info: implicit function contract not available for proof ("Line_Length" may not return)
spark-text_io.ads:439:31: info: implicit function contract not available for proof ("Line_Length" may not return)
spark-text_io.ads:440:25: info: implicit function contract not available for proof ("Status" may not return)
spark-text_io.ads:442:22: info: implicit function contract not available for proof ("Name" may not return)
spark-text_io.ads:442:47: info: implicit function contract not available for proof ("Name" may not return)
spark-text_io.ads:443:22: info: implicit function contract not available for proof ("Form" may not return)
spark-text_io.ads:443:47: info: implicit function contract not available for proof ("Form" may not return)
spark-text_io.ads:445:22: info: implicit function contract not available for proof ("Mode" may not return)
spark-text_io.ads:446:22: info: implicit function contract not available for proof ("Line_Length" may not return)
spark-text_io.ads:447:25: info: implicit function contract not available for proof ("Line_Length" may not return)
spark-text_io.ads:448:22: info: implicit function contract not available for proof ("Page_Length" may not return)
spark-text_io.ads:449:25: info: implicit function contract not available for proof ("Page_Length" may not return)
spark-text_io.ads:455:25: info: implicit function contract not available for proof ("Page_Length" may not return)
spark-text_io.ads:456:30: info: implicit function contract not available for proof ("Page_Length" may not return)
spark-text_io.ads:458:23: info: implicit function contract not available for proof ("Status" may not return)
spark-text_io.ads:460:39: info: implicit function contract not available for proof ("Mode" may not return)
spark-text_io.ads:460:53: info: implicit function contract not available for proof ("Mode" may not return)
spark-text_io.ads:461:20: info: implicit function contract not available for proof ("Name" may not return)
spark-text_io.ads:461:34: info: implicit function contract not available for proof ("Name" may not return)
spark-text_io.ads:462:20: info: implicit function contract not available for proof ("Form" may not return)
spark-text_io.ads:462:34: info: implicit function contract not available for proof ("Form" may not return)
spark-text_io.ads:463:20: info: implicit function contract not available for proof ("Line_Length" may not return)
spark-text_io.ads:463:41: info: implicit function contract not available for proof ("Line_Length" may not return)
spark-text_io.ads:464:20: info: implicit function contract not available for proof ("Page_Length" may not return)
spark-text_io.ads:464:41: info: implicit function contract not available for proof ("Page_Length" may not return)
spark-text_io.ads:470:25: info: implicit function contract not available for proof ("Page_Length" may not return)
spark-text_io.ads:471:31: info: implicit function contract not available for proof ("Page_Length" may not return)
spark-text_io.ads:472:23: info: implicit function contract not available for proof ("Status" may not return)
spark-text_io.ads:475:20: info: implicit function contract not available for proof ("Mode" may not return)
spark-text_io.ads:476:20: info: implicit function contract not available for proof ("Name" may not return)
spark-text_io.ads:476:45: info: implicit function contract not available for proof ("Name" may not return)
spark-text_io.ads:477:20: info: implicit function contract not available for proof ("Form" may not return)
spark-text_io.ads:477:45: info: implicit function contract not available for proof ("Form" may not return)
spark-text_io.ads:478:22: info: implicit function contract not available for proof ("Line_Length" may not return)
spark-text_io.ads:479:25: info: implicit function contract not available for proof ("Line_Length" may not return)
spark-text_io.ads:480:22: info: implicit function contract not available for proof ("Page_Length" may not return)
spark-text_io.ads:481:25: info: implicit function contract not available for proof ("Page_Length" may not return)
spark-text_io.ads:511:19: info: implicit function contract not available for proof ("Name" may not return)
spark-text_io.ads:511:33: info: implicit function contract not available for proof ("Name" may not return)
spark-text_io.ads:512:19: info: implicit function contract not available for proof ("Form" may not return)
spark-text_io.ads:512:33: info: implicit function contract not available for proof ("Form" may not return)
spark-text_io.ads:517:25: info: function contract not available for proof ("End_Of_File" may not return)
spark-text_io.ads:521:21: info: implicit function contract not available for proof ("Name" may not return)
spark-text_io.ads:521:45: info: implicit function contract not available for proof ("Name" may not return)
spark-text_io.ads:522:21: info: implicit function contract not available for proof ("Form" may not return)
spark-text_io.ads:522:45: info: implicit function contract not available for proof ("Form" may not return)
spark-text_io.ads:526:25: info: implicit function contract not available for proof ("Status" may not return)
spark-text_io.ads:530:47: info: implicit function contract not available for proof ("Status" may not return)
spark-text_io.ads:533:19: info: implicit function contract not available for proof ("Mode" may not return)
spark-text_io.ads:533:33: info: implicit function contract not available for proof ("Mode" may not return)
spark-text_io.ads:534:19: info: implicit function contract not available for proof ("Name" may not return)
spark-text_io.ads:534:33: info: implicit function contract not available for proof ("Name" may not return)
spark-text_io.ads:535:19: info: implicit function contract not available for proof ("Form" may not return)
spark-text_io.ads:535:33: info: implicit function contract not available for proof ("Form" may not return)
spark-text_io.ads:536:19: info: implicit function contract not available for proof ("Line_Length" may not return)
spark-text_io.ads:536:40: info: implicit function contract not available for proof ("Line_Length" may not return)
spark-text_io.ads:537:19: info: implicit function contract not available for proof ("Page_Length" may not return)
spark-text_io.ads:537:40: info: implicit function contract not available for proof ("Page_Length" may not return)
spark-text_io.ads:542:21: info: implicit function contract not available for proof ("Status" may not return)
spark-text_io.ads:544:21: info: implicit function contract not available for proof ("Mode" may not return)
spark-text_io.ads:545:21: info: implicit function contract not available for proof ("Name" may not return)
spark-text_io.ads:546:23: info: implicit function contract not available for proof ("Name" may not return)
spark-text_io.ads:547:21: info: implicit function contract not available for proof ("Form" may not return)
spark-text_io.ads:548:23: info: implicit function contract not available for proof ("Form" may not return)
spark-text_io.ads:549:21: info: implicit function contract not available for proof ("Line_Length" may not return)
spark-text_io.ads:550:24: info: implicit function contract not available for proof ("Line_Length" may not return)
spark-text_io.ads:551:21: info: implicit function contract not available for proof ("Page_Length" may not return)
spark-text_io.ads:552:24: info: implicit function contract not available for proof ("Page_Length" may not return)
spark-text_io.ads:561:19: info: implicit function contract not available for proof ("Name" may not return)
spark-text_io.ads:561:33: info: implicit function contract not available for proof ("Name" may not return)
spark-text_io.ads:562:19: info: implicit function contract not available for proof ("Form" may not return)
spark-text_io.ads:562:33: info: implicit function contract not available for proof ("Form" may not return)
spark-text_io.ads:569:21: info: implicit function contract not available for proof ("Name" may not return)
spark-text_io.ads:569:45: info: implicit function contract not available for proof ("Name" may not return)
spark-text_io.ads:570:21: info: implicit function contract not available for proof ("Form" may not return)
spark-text_io.ads:570:45: info: implicit function contract not available for proof ("Form" may not return)
spark-text_io.ads:578:19: info: implicit function contract not available for proof ("Name" may not return)
spark-text_io.ads:578:33: info: implicit function contract not available for proof ("Name" may not return)
spark-text_io.ads:579:19: info: implicit function contract not available for proof ("Form" may not return)
spark-text_io.ads:579:33: info: implicit function contract not available for proof ("Form" may not return)
spark-text_io.ads:585:25: info: function contract not available for proof ("End_Of_File" may not return)
spark-text_io.ads:587:21: info: implicit function contract not available for proof ("Name" may not return)
spark-text_io.ads:587:45: info: implicit function contract not available for proof ("Name" may not return)
spark-text_io.ads:588:21: info: implicit function contract not available for proof ("Form" may not return)
spark-text_io.ads:588:45: info: implicit function contract not available for proof ("Form" may not return)
spark-text_io.ads:597:19: info: implicit function contract not available for proof ("Name" may not return)
spark-text_io.ads:597:33: info: implicit function contract not available for proof ("Name" may not return)
spark-text_io.ads:598:19: info: implicit function contract not available for proof ("Form" may not return)
spark-text_io.ads:598:33: info: implicit function contract not available for proof ("Form" may not return)
spark-text_io.ads:605:25: info: function contract not available for proof ("End_Of_File" may not return)
spark-text_io.ads:607:21: info: implicit function contract not available for proof ("Name" may not return)
spark-text_io.ads:607:45: info: implicit function contract not available for proof ("Name" may not return)
spark-text_io.ads:608:21: info: implicit function contract not available for proof ("Form" may not return)
spark-text_io.ads:608:45: info: implicit function contract not available for proof ("Form" may not return)
spark-text_io.ads:618:19: info: implicit function contract not available for proof ("Name" may not return)
spark-text_io.ads:618:33: info: implicit function contract not available for proof ("Name" may not return)
spark-text_io.ads:619:19: info: implicit function contract not available for proof ("Form" may not return)
spark-text_io.ads:619:33: info: implicit function contract not available for proof ("Form" may not return)
spark-text_io.ads:622:23: info: implicit function contract not available for proof ("Status" may not return)
spark-text_io.ads:626:21: info: implicit function contract not available for proof ("Status" may not return)
spark-text_io.ads:628:21: info: implicit function contract not available for proof ("Name" may not return)
spark-text_io.ads:628:45: info: implicit function contract not available for proof ("Name" may not return)
spark-text_io.ads:629:21: info: implicit function contract not available for proof ("Form" may not return)
spark-text_io.ads:629:45: info: implicit function contract not available for proof ("Form" may not return)
spark-text_io.ads:631:25: info: implicit function contract not available for proof ("Status" may not return)
spark-text_io.ads:636:47: info: implicit function contract not available for proof ("Status" may not return)
spark-text_io.ads:639:19: info: implicit function contract not available for proof ("Mode" may not return)
spark-text_io.ads:639:33: info: implicit function contract not available for proof ("Mode" may not return)
spark-text_io.ads:640:19: info: implicit function contract not available for proof ("Name" may not return)
spark-text_io.ads:640:33: info: implicit function contract not available for proof ("Name" may not return)
spark-text_io.ads:641:19: info: implicit function contract not available for proof ("Form" may not return)
spark-text_io.ads:641:33: info: implicit function contract not available for proof ("Form" may not return)
spark-text_io.ads:642:19: info: implicit function contract not available for proof ("Line_Length" may not return)
spark-text_io.ads:642:40: info: implicit function contract not available for proof ("Line_Length" may not return)
spark-text_io.ads:643:19: info: implicit function contract not available for proof ("Page_Length" may not return)
spark-text_io.ads:643:40: info: implicit function contract not available for proof ("Page_Length" may not return)
spark-text_io.ads:648:21: info: implicit function contract not available for proof ("Status" may not return)
spark-text_io.ads:650:21: info: implicit function contract not available for proof ("Mode" may not return)
spark-text_io.ads:651:21: info: implicit function contract not available for proof ("Name" may not return)
spark-text_io.ads:651:46: info: implicit function contract not available for proof ("Name" may not return)
spark-text_io.ads:652:21: info: implicit function contract not available for proof ("Form" may not return)
spark-text_io.ads:652:46: info: implicit function contract not available for proof ("Form" may not return)
spark-text_io.ads:653:21: info: implicit function contract not available for proof ("Line_Length" may not return)
spark-text_io.ads:654:23: info: implicit function contract not available for proof ("Line_Length" may not return)
spark-text_io.ads:655:21: info: implicit function contract not available for proof ("Page_Length" may not return)
spark-text_io.ads:656:23: info: implicit function contract not available for proof ("Page_Length" may not return)
spark-text_io.ads:670:19: info: implicit function contract not available for proof ("Name" may not return)
spark-text_io.ads:670:33: info: implicit function contract not available for proof ("Name" may not return)
spark-text_io.ads:671:19: info: implicit function contract not available for proof ("Form" may not return)
spark-text_io.ads:671:33: info: implicit function contract not available for proof ("Form" may not return)
spark-text_io.ads:674:23: info: implicit function contract not available for proof ("Status" may not return)
spark-text_io.ads:682:21: info: implicit function contract not available for proof ("Name" may not return)
spark-text_io.ads:682:45: info: implicit function contract not available for proof ("Name" may not return)
spark-text_io.ads:683:21: info: implicit function contract not available for proof ("Form" may not return)
spark-text_io.ads:683:45: info: implicit function contract not available for proof ("Form" may not return)
spark-text_io.ads:685:25: info: implicit function contract not available for proof ("Status" may not return)
spark-text_io.ads:692:47: info: implicit function contract not available for proof ("Status" may not return)
spark-text_io.ads:695:19: info: implicit function contract not available for proof ("Mode" may not return)
spark-text_io.ads:695:33: info: implicit function contract not available for proof ("Mode" may not return)
spark-text_io.ads:696:19: info: implicit function contract not available for proof ("Name" may not return)
spark-text_io.ads:696:33: info: implicit function contract not available for proof ("Name" may not return)
spark-text_io.ads:697:19: info: implicit function contract not available for proof ("Form" may not return)
spark-text_io.ads:697:33: info: implicit function contract not available for proof ("Form" may not return)
spark-text_io.ads:698:19: info: implicit function contract not available for proof ("Line_Length" may not return)
spark-text_io.ads:698:40: info: implicit function contract not available for proof ("Line_Length" may not return)
spark-text_io.ads:699:19: info: implicit function contract not available for proof ("Page_Length" may not return)
spark-text_io.ads:699:40: info: implicit function contract not available for proof ("Page_Length" may not return)
spark-text_io.ads:705:21: info: implicit function contract not available for proof ("Status" may not return)
spark-text_io.ads:707:21: info: implicit function contract not available for proof ("Mode" may not return)
spark-text_io.ads:708:21: info: implicit function contract not available for proof ("Name" may not return)
spark-text_io.ads:709:24: info: implicit function contract not available for proof ("Name" may not return)
spark-text_io.ads:710:21: info: implicit function contract not available for proof ("Form" may not return)
spark-text_io.ads:711:24: info: implicit function contract not available for proof ("Form" may not return)
spark-text_io.ads:712:21: info: implicit function contract not available for proof ("Line_Length" may not return)
spark-text_io.ads:713:24: info: implicit function contract not available for proof ("Line_Length" may not return)
spark-text_io.ads:714:21: info: implicit function contract not available for proof ("Page_Length" may not return)
spark-text_io.ads:715:24: info: implicit function contract not available for proof ("Page_Length" may not return)
parsing.ads:66:17: info: function contract not available for proof ("Is_Substring" may not return)
